<?xml version="1.0" encoding="UTF-8"?>
<!-- Generated by org.testng.reporters.JUnitReportReporter -->
<testsuite skipped="0" hostname="ip-172-31-31-91" name="tests.AntClass" tests="1" failures="0" timestamp="23 Mar 2021 13:17:42 GMT" time="0.014" errors="0">
  <testcase name="Test1" time="0.014" classname="tests.AntClass"/>
</testsuite> <!-- tests.AntClass -->
