<?xml version="1.0" encoding="UTF-8"?>
<!-- Generated by org.testng.reporters.JUnitReportReporter -->
<testsuite skipped="0" hostname="ip-172-31-31-91" name="com.testannotations.TestAnnotations" tests="2" failures="0" timestamp="2021-03-14T14:57:27 UTC" time="0.015" errors="0">
  <testcase name="Test1" time="0.014" classname="com.testannotations.TestAnnotations"/>
  <system-out/>
  <testcase name="Test2" time="0.001" classname="com.testannotations.TestAnnotations"/>
  <system-out/>
</testsuite> <!-- com.testannotations.TestAnnotations -->
