<?xml version="1.0" encoding="UTF-8"?>
<!-- Generated by org.testng.reporters.JUnitReportReporter -->
<testsuite skipped="0" hostname="ip-172-31-31-91" name="tests.AntClass" tests="1" failures="0" timestamp="2021-03-23T13:12:19 UTC" time="0.029" errors="0">
  <testcase name="Test1" time="0.029" classname="tests.AntClass"/>
  <system-out/>
</testsuite> <!-- tests.AntClass -->
