<?xml version="1.0" encoding="UTF-8"?>
<!-- Generated by org.testng.reporters.JUnitReportReporter -->
<testsuite hostname="ip-172-31-31-91" name="test.LoginTest" tests="1" failures="0" timestamp="30 Mar 2021 19:40:32 GMT" time="4.657" errors="0">
  <testcase name="testloginfunction" time="4.657" classname="test.LoginTest"/>
</testsuite> <!-- test.LoginTest -->
