<?xml version="1.0" encoding="UTF-8"?>
<!-- Generated by org.testng.reporters.JUnitReportReporter -->
<testsuite skipped="0" hostname="ip-172-31-31-91" name="test.LaunchBrowser" tests="1" failures="0" timestamp="23 Mar 2021 12:14:35 GMT" time="3.953" errors="0">
  <testcase name="lsetup" time="3.953" classname="test.LaunchBrowser"/>
</testsuite> <!-- test.LaunchBrowser -->
