<?xml version="1.0" encoding="UTF-8"?>
<!-- Generated by org.testng.reporters.JUnitReportReporter -->
<testsuite skipped="0" hostname="ip-172-31-31-91" name="test.ExtentReport" tests="1" failures="0" timestamp="2021-03-16T13:55:41 UTC" time="4.125" errors="0">
  <testcase name="test" time="4.125" classname="test.ExtentReport"/>
  <system-out/>
</testsuite> <!-- test.ExtentReport -->
