<?xml version="1.0" encoding="UTF-8"?>
<!-- Generated by org.testng.reporters.JUnitReportReporter -->
<testsuite hostname="ip-172-31-31-91" name="tests.LoginTest" tests="1" failures="0" timestamp="29 Mar 2021 06:26:25 GMT" time="6.101" errors="0">
  <testcase name="login" time="6.101" classname="tests.LoginTest"/>
</testsuite> <!-- tests.LoginTest -->
