<?xml version="1.0" encoding="UTF-8"?>
<!-- Generated by org.testng.reporters.JUnitReportReporter -->
<testsuite skipped="0" hostname="ip-172-31-31-91" name="tests.LoginTest" tests="1" failures="0" timestamp="2021-03-23T11:04:00 UTC" time="6.216" errors="0">
  <testcase name="login" time="6.216" classname="tests.LoginTest"/>
  <system-out/>
</testsuite> <!-- tests.LoginTest -->
